This file contains any messages produced by compilers while
running configure, to aid debugging if configure makes a mistake.

It was created by configure, which was
generated by GNU Autoconf 2.59.  Invocation command line was

  $ ./configure --prefix=/home/richard/Downloads/netcat-0.7.1/arm --host=arm-linux CFLAGS=-static -g

## --------- ##
## Platform. ##
## --------- ##

hostname = richard-OptiPlex-990
uname -m = i686
uname -r = 3.5.0-37-generic
uname -s = Linux
uname -v = #58~precise1-Ubuntu SMP Wed Jul 10 17:51:56 UTC 2013

/usr/bin/uname -p = unknown
/bin/uname -X     = unknown

/bin/arch              = unknown
/usr/bin/arch -k       = unknown
/usr/convex/getsysinfo = unknown
hostinfo               = unknown
/bin/machine           = unknown
/usr/bin/oslevel       = unknown
/bin/universe          = unknown

PATH: /comdin/buildroot/build_arm/staging_dir/usr/bin
PATH: /usr/kerberos/bin
PATH: /usr/local/bin
PATH: /bin
PATH: /usr/bin
PATH: /usr/X11R6/bin
PATH: /home/admin/bin


## ----------- ##
## Core tests. ##
## ----------- ##

configure:1352: checking build system type
configure:1370: result: i686-pc-linux-gnu
configure:1378: checking host system type
configure:1392: result: arm-unknown-linux-gnu
configure:1400: checking target system type
configure:1414: result: arm-unknown-linux-gnu
configure:1443: checking for a BSD-compatible install
configure:1498: result: /usr/bin/install -c
configure:1509: checking whether build environment is sane
configure:1552: result: yes
configure:1585: checking for gawk
configure:1614: result: no
configure:1585: checking for mawk
configure:1601: found /usr/bin/mawk
configure:1611: result: mawk
configure:1621: checking whether make sets $(MAKE)
configure:1641: result: yes
configure:1720: checking for arm-linux-strip
configure:1736: found /comdin/buildroot/build_arm/staging_dir/usr/bin/arm-linux-strip
configure:1746: result: arm-linux-strip
configure:1818: checking for arm-linux-gcc
configure:1834: found /comdin/buildroot/build_arm/staging_dir/usr/bin/arm-linux-gcc
configure:1844: result: arm-linux-gcc
configure:2126: checking for C compiler version
configure:2129: arm-linux-gcc --version </dev/null >&5
arm-linux-gcc (GCC) 4.2.1
Copyright (C) 2007 Free Software Foundation, Inc.
This is free software; see the source for copying conditions.  There is NO
warranty; not even for MERCHANTABILITY or FITNESS FOR A PARTICULAR PURPOSE.

configure:2132: $? = 0
configure:2134: arm-linux-gcc -v </dev/null >&5
Using built-in specs.
Target: arm-linux-uclibc
Configured with: /comdin/buildroot/toolchain_build_arm_nofpu/gcc-4.2.1/configure --prefix=/comdin/buildroot/build_arm/staging_dir --build=i386-pc-linux-gnu --host=i386-pc-linux-gnu --target=arm-linux-uclibc --enable-languages=c,c++ --disable-__cxa_atexit --enable-target-optspace --with-gnu-ld --with-gmp=/comdin/buildroot/toolchain_build_arm_nofpu/gmp --with-mpfr=/comdin/buildroot/toolchain_build_arm_nofpu/mpfr --enable-shared --enable-threads --enable-multilib --with-float=soft --enable-sjlj-exceptions
Thread model: posix
gcc version 4.2.1
configure:2137: $? = 0
configure:2139: arm-linux-gcc -V </dev/null >&5
arm-linux-gcc: '-V' option must have argument
configure:2142: $? = 1
configure:2165: checking for C compiler default output file name
configure:2168: arm-linux-gcc -static -g   conftest.c  >&5
configure:2171: $? = 0
configure:2217: result: a.out
configure:2222: checking whether the C compiler works
configure:2228: ./a.out
./configure: line 2229: ./a.out: cannot execute binary file
configure:2231: $? = 126
configure:2248: result: yes
configure:2255: checking whether we are cross compiling
configure:2257: result: yes
configure:2260: checking for suffix of executables
configure:2262: arm-linux-gcc -o conftest -static -g   conftest.c  >&5
configure:2265: $? = 0
configure:2290: result: 
configure:2296: checking for suffix of object files
configure:2317: arm-linux-gcc -c -static -g  conftest.c >&5
configure:2320: $? = 0
configure:2342: result: o
configure:2346: checking whether we are using the GNU C compiler
configure:2370: arm-linux-gcc -c -static -g  conftest.c >&5
configure:2376: $? = 0
configure:2380: test -z 
			 || test ! -s conftest.err
configure:2383: $? = 0
configure:2386: test -s conftest.o
configure:2389: $? = 0
configure:2402: result: yes
configure:2408: checking whether arm-linux-gcc accepts -g
configure:2429: arm-linux-gcc -c -g  conftest.c >&5
configure:2435: $? = 0
configure:2439: test -z 
			 || test ! -s conftest.err
configure:2442: $? = 0
configure:2445: test -s conftest.o
configure:2448: $? = 0
configure:2459: result: yes
configure:2476: checking for arm-linux-gcc option to accept ANSI C
configure:2546: arm-linux-gcc  -c -static -g  conftest.c >&5
configure:2552: $? = 0
configure:2556: test -z 
			 || test ! -s conftest.err
configure:2559: $? = 0
configure:2562: test -s conftest.o
configure:2565: $? = 0
configure:2583: result: none needed
configure:2601: arm-linux-gcc -c -static -g  conftest.c >&5
conftest.c:2: error: expected '=', ',', ';', 'asm' or '__attribute__' before 'me'
configure:2607: $? = 1
configure: failed program was:
| #ifndef __cplusplus
|   choke me
| #endif
configure:2751: checking for style of include used by make
configure:2779: result: GNU
configure:2807: checking dependency style of arm-linux-gcc
configure:2890: result: none
configure:2912: checking how to run the C preprocessor
configure:2947: arm-linux-gcc -E  conftest.c
configure:2953: $? = 0
configure:2985: arm-linux-gcc -E  conftest.c
conftest.c:11:28: error: ac_nonexistent.h: No such file or directory
configure:2991: $? = 1
configure: failed program was:
| /* confdefs.h.  */
| 
| #define PACKAGE_NAME ""
| #define PACKAGE_TARNAME ""
| #define PACKAGE_VERSION ""
| #define PACKAGE_STRING ""
| #define PACKAGE_BUGREPORT ""
| #define PACKAGE "netcat"
| #define VERSION "0.7.1"
| /* end confdefs.h.  */
| #include <ac_nonexistent.h>
configure:3030: result: arm-linux-gcc -E
configure:3054: arm-linux-gcc -E  conftest.c
configure:3060: $? = 0
configure:3092: arm-linux-gcc -E  conftest.c
conftest.c:11:28: error: ac_nonexistent.h: No such file or directory
configure:3098: $? = 1
configure: failed program was:
| /* confdefs.h.  */
| 
| #define PACKAGE_NAME ""
| #define PACKAGE_TARNAME ""
| #define PACKAGE_VERSION ""
| #define PACKAGE_STRING ""
| #define PACKAGE_BUGREPORT ""
| #define PACKAGE "netcat"
| #define VERSION "0.7.1"
| /* end confdefs.h.  */
| #include <ac_nonexistent.h>
configure:3144: checking for arm-linux-ranlib
configure:3160: found /comdin/buildroot/build_arm/staging_dir/usr/bin/arm-linux-ranlib
configure:3170: result: arm-linux-ranlib
configure:3227: checking for perl5
configure:3260: result: no
configure:3227: checking for perl
configure:3245: found /usr/bin/perl
configure:3257: result: /usr/bin/perl
configure:3270: checking for pod2man
configure:3288: found /usr/bin/pod2man
configure:3301: result: /usr/bin/pod2man
configure:3330: checking for msgfmt
configure:3361: result: no
configure:3367: checking for gmsgfmt
configure:3398: result: :
configure:3408: checking for xgettext
configure:3439: result: no
configure:3447: checking for msgmerge
configure:3477: result: no
configure:3536: checking for ld used by GCC
configure:3599: result: /comdin/buildroot/build_arm/staging_dir/usr/bin/arm-linux-uclibc-ld
configure:3608: checking if the linker (/comdin/buildroot/build_arm/staging_dir/usr/bin/arm-linux-uclibc-ld) is GNU ld
GNU ld (GNU Binutils) 2.18
configure:3620: result: yes
configure:3626: checking for shared library run path origin
configure:3639: result: done
configure:4057: checking whether NLS is requested
configure:4066: result: yes
configure:4083: checking for GNU gettext in libc
configure:4107: arm-linux-gcc -o conftest -static -g   conftest.c  >&5
conftest.c:11:21: error: libintl.h: No such file or directory
conftest.c: In function 'main':
conftest.c:18: warning: incompatible implicit declaration of built-in function 'gettext'
configure:4113: $? = 1
configure: failed program was:
| /* confdefs.h.  */
| 
| #define PACKAGE_NAME ""
| #define PACKAGE_TARNAME ""
| #define PACKAGE_VERSION ""
| #define PACKAGE_STRING ""
| #define PACKAGE_BUGREPORT ""
| #define PACKAGE "netcat"
| #define VERSION "0.7.1"
| /* end confdefs.h.  */
| #include <libintl.h>
| extern int _nl_msg_cat_cntr;
| extern int *_nl_domain_bindings;
| int
| main ()
| {
| bindtextdomain ("", "");
| return (int) gettext ("") + (int) ngettext ("", "", 0) + _nl_msg_cat_cntr + *_nl_domain_bindings
|   ;
|   return 0;
| }
configure:4138: result: no
configure:4172: checking for iconv
configure:4199: arm-linux-gcc -o conftest -static -g   conftest.c  >&5
configure:4205: $? = 0
configure:4209: test -z 
			 || test ! -s conftest.err
configure:4212: $? = 0
configure:4215: test -s conftest
configure:4218: $? = 0
configure:4284: result: yes
configure:4685: checking for GNU gettext in libintl
configure:4717: arm-linux-gcc -o conftest -static -g    conftest.c  -lintl >&5
conftest.c:12:21: error: libintl.h: No such file or directory
conftest.c: In function 'main':
conftest.c:23: warning: incompatible implicit declaration of built-in function 'gettext'
configure:4723: $? = 1
configure: failed program was:
| /* confdefs.h.  */
| 
| #define PACKAGE_NAME ""
| #define PACKAGE_TARNAME ""
| #define PACKAGE_VERSION ""
| #define PACKAGE_STRING ""
| #define PACKAGE_BUGREPORT ""
| #define PACKAGE "netcat"
| #define VERSION "0.7.1"
| #define HAVE_ICONV 1
| /* end confdefs.h.  */
| #include <libintl.h>
| extern int _nl_msg_cat_cntr;
| extern
| #ifdef __cplusplus
| "C"
| #endif
| const char *_nl_expand_alias ();
| int
| main ()
| {
| bindtextdomain ("", "");
| return (int) gettext ("") + (int) ngettext ("", "", 0) + _nl_msg_cat_cntr + *_nl_expand_alias (0)
|   ;
|   return 0;
| }
configure:4808: result: no
configure:4894: checking for strerror in -lcposix
configure:4924: arm-linux-gcc -o conftest -static -g   conftest.c -lcposix   >&5
/comdin/buildroot/build_arm/staging_dir/usr/bin/arm-linux-uclibc-ld: cannot find -lcposix
collect2: ld returned 1 exit status
configure:4930: $? = 1
configure: failed program was:
| /* confdefs.h.  */
| 
| #define PACKAGE_NAME ""
| #define PACKAGE_TARNAME ""
| #define PACKAGE_VERSION ""
| #define PACKAGE_STRING ""
| #define PACKAGE_BUGREPORT ""
| #define PACKAGE "netcat"
| #define VERSION "0.7.1"
| #define HAVE_ICONV 1
| /* end confdefs.h.  */
| 
| /* Override any gcc2 internal prototype to avoid an error.  */
| #ifdef __cplusplus
| extern "C"
| #endif
| /* We use char because int might match the return type of a gcc2
|    builtin and then its argument prototype would still apply.  */
| char strerror ();
| int
| main ()
| {
| strerror ();
|   ;
|   return 0;
| }
configure:4956: result: no
configure:4965: checking for egrep
configure:4975: result: grep -E
configure:4980: checking for ANSI C header files
configure:5005: arm-linux-gcc -c -static -g  conftest.c >&5
configure:5011: $? = 0
configure:5015: test -z 
			 || test ! -s conftest.err
configure:5018: $? = 0
configure:5021: test -s conftest.o
configure:5024: $? = 0
configure:5136: result: yes
configure:5146: checking for an ANSI C-conforming const
configure:5213: arm-linux-gcc -c -static -g  conftest.c >&5
configure:5219: $? = 0
configure:5223: test -z 
			 || test ! -s conftest.err
configure:5226: $? = 0
configure:5229: test -s conftest.o
configure:5232: $? = 0
configure:5243: result: yes
configure:5253: checking for inline
configure:5274: arm-linux-gcc -c -static -g  conftest.c >&5
configure:5280: $? = 0
configure:5284: test -z 
			 || test ! -s conftest.err
configure:5287: $? = 0
configure:5290: test -s conftest.o
configure:5293: $? = 0
configure:5305: result: inline
configure:5338: checking for sys/types.h
configure:5354: arm-linux-gcc -c -static -g  conftest.c >&5
configure:5360: $? = 0
configure:5364: test -z 
			 || test ! -s conftest.err
configure:5367: $? = 0
configure:5370: test -s conftest.o
configure:5373: $? = 0
configure:5384: result: yes
configure:5338: checking for sys/stat.h
configure:5354: arm-linux-gcc -c -static -g  conftest.c >&5
configure:5360: $? = 0
configure:5364: test -z 
			 || test ! -s conftest.err
configure:5367: $? = 0
configure:5370: test -s conftest.o
configure:5373: $? = 0
configure:5384: result: yes
configure:5338: checking for stdlib.h
configure:5354: arm-linux-gcc -c -static -g  conftest.c >&5
configure:5360: $? = 0
configure:5364: test -z 
			 || test ! -s conftest.err
configure:5367: $? = 0
configure:5370: test -s conftest.o
configure:5373: $? = 0
configure:5384: result: yes
configure:5338: checking for string.h
configure:5354: arm-linux-gcc -c -static -g  conftest.c >&5
configure:5360: $? = 0
configure:5364: test -z 
			 || test ! -s conftest.err
configure:5367: $? = 0
configure:5370: test -s conftest.o
configure:5373: $? = 0
configure:5384: result: yes
configure:5338: checking for memory.h
configure:5354: arm-linux-gcc -c -static -g  conftest.c >&5
configure:5360: $? = 0
configure:5364: test -z 
			 || test ! -s conftest.err
configure:5367: $? = 0
configure:5370: test -s conftest.o
configure:5373: $? = 0
configure:5384: result: yes
configure:5338: checking for strings.h
configure:5354: arm-linux-gcc -c -static -g  conftest.c >&5
configure:5360: $? = 0
configure:5364: test -z 
			 || test ! -s conftest.err
configure:5367: $? = 0
configure:5370: test -s conftest.o
configure:5373: $? = 0
configure:5384: result: yes
configure:5338: checking for inttypes.h
configure:5354: arm-linux-gcc -c -static -g  conftest.c >&5
configure:5360: $? = 0
configure:5364: test -z 
			 || test ! -s conftest.err
configure:5367: $? = 0
configure:5370: test -s conftest.o
configure:5373: $? = 0
configure:5384: result: yes
configure:5338: checking for stdint.h
configure:5354: arm-linux-gcc -c -static -g  conftest.c >&5
configure:5360: $? = 0
configure:5364: test -z 
			 || test ! -s conftest.err
configure:5367: $? = 0
configure:5370: test -s conftest.o
configure:5373: $? = 0
configure:5384: result: yes
configure:5338: checking for unistd.h
configure:5354: arm-linux-gcc -c -static -g  conftest.c >&5
configure:5360: $? = 0
configure:5364: test -z 
			 || test ! -s conftest.err
configure:5367: $? = 0
configure:5370: test -s conftest.o
configure:5373: $? = 0
configure:5384: result: yes
configure:5396: checking for off_t
configure:5420: arm-linux-gcc -c -static -g  conftest.c >&5
configure:5426: $? = 0
configure:5430: test -z 
			 || test ! -s conftest.err
configure:5433: $? = 0
configure:5436: test -s conftest.o
configure:5439: $? = 0
configure:5450: result: yes
configure:5462: checking for size_t
configure:5486: arm-linux-gcc -c -static -g  conftest.c >&5
configure:5492: $? = 0
configure:5496: test -z 
			 || test ! -s conftest.err
configure:5499: $? = 0
configure:5502: test -s conftest.o
configure:5505: $? = 0
configure:5516: result: yes
configure:5530: checking for working alloca.h
configure:5551: arm-linux-gcc -o conftest -static -g   conftest.c  >&5
configure:5557: $? = 0
configure:5561: test -z 
			 || test ! -s conftest.err
configure:5564: $? = 0
configure:5567: test -s conftest
configure:5570: $? = 0
configure:5582: result: yes
configure:5592: checking for alloca
configure:5633: arm-linux-gcc -o conftest -static -g   conftest.c  >&5
configure:5639: $? = 0
configure:5643: test -z 
			 || test ! -s conftest.err
configure:5646: $? = 0
configure:5649: test -s conftest
configure:5652: $? = 0
configure:5664: result: yes
configure:5893: checking for stdlib.h
configure:5898: result: yes
configure:5893: checking for unistd.h
configure:5898: result: yes
configure:6042: checking for getpagesize
configure:6099: arm-linux-gcc -o conftest -static -g   conftest.c  >&5
configure:6105: $? = 0
configure:6109: test -z 
			 || test ! -s conftest.err
configure:6112: $? = 0
configure:6115: test -s conftest
configure:6118: $? = 0
configure:6130: result: yes
configure:6140: checking for working mmap
configure:6304: result: no
configure:6316: checking whether we are using the GNU C Library 2.1 or newer
configure:6347: result: yes
configure:6355: checking whether integer division by zero raises SIGFPE
configure:6440: result: guessing no
configure:6453: checking for inttypes.h
configure:6475: arm-linux-gcc -c -static -g  conftest.c >&5
configure:6481: $? = 0
configure:6485: test -z 
			 || test ! -s conftest.err
configure:6488: $? = 0
configure:6491: test -s conftest.o
configure:6494: $? = 0
configure:6505: result: yes
configure:6516: checking for stdint.h
configure:6538: arm-linux-gcc -c -static -g  conftest.c >&5
configure:6544: $? = 0
configure:6548: test -z 
			 || test ! -s conftest.err
configure:6551: $? = 0
configure:6554: test -s conftest.o
configure:6557: $? = 0
configure:6568: result: yes
configure:6579: checking for unsigned long long
configure:6601: arm-linux-gcc -o conftest -static -g   conftest.c  >&5
configure:6607: $? = 0
configure:6611: test -z 
			 || test ! -s conftest.err
configure:6614: $? = 0
configure:6617: test -s conftest
configure:6620: $? = 0
configure:6632: result: yes
configure:6658: checking for inttypes.h
configure:6681: arm-linux-gcc -c -static -g  conftest.c >&5
configure:6687: $? = 0
configure:6691: test -z 
			 || test ! -s conftest.err
configure:6694: $? = 0
configure:6697: test -s conftest.o
configure:6700: $? = 0
configure:6712: result: yes
configure:6725: checking whether the inttypes.h PRIxNN macros are broken
configure:6751: arm-linux-gcc -c -static -g  conftest.c >&5
configure:6757: $? = 0
configure:6761: test -z 
			 || test ! -s conftest.err
configure:6764: $? = 0
configure:6767: test -s conftest.o
configure:6770: $? = 0
configure:6782: result: no
configure:6819: checking argz.h usability
configure:6831: arm-linux-gcc -c -static -g  conftest.c >&5
conftest.c:66:18: error: argz.h: No such file or directory
configure:6837: $? = 1
configure: failed program was:
| /* confdefs.h.  */
| 
| #define PACKAGE_NAME ""
| #define PACKAGE_TARNAME ""
| #define PACKAGE_VERSION ""
| #define PACKAGE_STRING ""
| #define PACKAGE_BUGREPORT ""
| #define PACKAGE "netcat"
| #define VERSION "0.7.1"
| #define HAVE_ICONV 1
| #define STDC_HEADERS 1
| #define HAVE_SYS_TYPES_H 1
| #define HAVE_SYS_STAT_H 1
| #define HAVE_STDLIB_H 1
| #define HAVE_STRING_H 1
| #define HAVE_MEMORY_H 1
| #define HAVE_STRINGS_H 1
| #define HAVE_INTTYPES_H 1
| #define HAVE_STDINT_H 1
| #define HAVE_UNISTD_H 1
| #define HAVE_ALLOCA_H 1
| #define HAVE_ALLOCA 1
| #define HAVE_STDLIB_H 1
| #define HAVE_UNISTD_H 1
| #define HAVE_GETPAGESIZE 1
| #define INTDIV0_RAISES_SIGFPE 0
| #define HAVE_INTTYPES_H_WITH_UINTMAX 1
| #define HAVE_STDINT_H_WITH_UINTMAX 1
| #define HAVE_UNSIGNED_LONG_LONG 1
| #define HAVE_INTTYPES_H 1
| /* end confdefs.h.  */
| #include <stdio.h>
| #if HAVE_SYS_TYPES_H
| # include <sys/types.h>
| #endif
| #if HAVE_SYS_STAT_H
| # include <sys/stat.h>
| #endif
| #if STDC_HEADERS
| # include <stdlib.h>
| # include <stddef.h>
| #else
| # if HAVE_STDLIB_H
| #  include <stdlib.h>
| # endif
| #endif
| #if HAVE_STRING_H
| # if !STDC_HEADERS && HAVE_MEMORY_H
| #  include <memory.h>
| # endif
| # include <string.h>
| #endif
| #if HAVE_STRINGS_H
| # include <strings.h>
| #endif
| #if HAVE_INTTYPES_H
| # include <inttypes.h>
| #else
| # if HAVE_STDINT_H
| #  include <stdint.h>
| # endif
| #endif
| #if HAVE_UNISTD_H
| # include <unistd.h>
| #endif
| #include <argz.h>
configure:6860: result: no
configure:6864: checking argz.h presence
configure:6874: arm-linux-gcc -E  conftest.c
conftest.c:32:18: error: argz.h: No such file or directory
configure:6880: $? = 1
configure: failed program was:
| /* confdefs.h.  */
| 
| #define PACKAGE_NAME ""
| #define PACKAGE_TARNAME ""
| #define PACKAGE_VERSION ""
| #define PACKAGE_STRING ""
| #define PACKAGE_BUGREPORT ""
| #define PACKAGE "netcat"
| #define VERSION "0.7.1"
| #define HAVE_ICONV 1
| #define STDC_HEADERS 1
| #define HAVE_SYS_TYPES_H 1
| #define HAVE_SYS_STAT_H 1
| #define HAVE_STDLIB_H 1
| #define HAVE_STRING_H 1
| #define HAVE_MEMORY_H 1
| #define HAVE_STRINGS_H 1
| #define HAVE_INTTYPES_H 1
| #define HAVE_STDINT_H 1
| #define HAVE_UNISTD_H 1
| #define HAVE_ALLOCA_H 1
| #define HAVE_ALLOCA 1
| #define HAVE_STDLIB_H 1
| #define HAVE_UNISTD_H 1
| #define HAVE_GETPAGESIZE 1
| #define INTDIV0_RAISES_SIGFPE 0
| #define HAVE_INTTYPES_H_WITH_UINTMAX 1
| #define HAVE_STDINT_H_WITH_UINTMAX 1
| #define HAVE_UNSIGNED_LONG_LONG 1
| #define HAVE_INTTYPES_H 1
| /* end confdefs.h.  */
| #include <argz.h>
configure:6900: result: no
configure:6935: checking for argz.h
configure:6942: result: no
configure:6819: checking limits.h usability
configure:6831: arm-linux-gcc -c -static -g  conftest.c >&5
configure:6837: $? = 0
configure:6841: test -z 
			 || test ! -s conftest.err
configure:6844: $? = 0
configure:6847: test -s conftest.o
configure:6850: $? = 0
configure:6860: result: yes
configure:6864: checking limits.h presence
configure:6874: arm-linux-gcc -E  conftest.c
configure:6880: $? = 0
configure:6900: result: yes
configure:6935: checking for limits.h
configure:6942: result: yes
configure:6819: checking locale.h usability
configure:6831: arm-linux-gcc -c -static -g  conftest.c >&5
configure:6837: $? = 0
configure:6841: test -z 
			 || test ! -s conftest.err
configure:6844: $? = 0
configure:6847: test -s conftest.o
configure:6850: $? = 0
configure:6860: result: yes
configure:6864: checking locale.h presence
configure:6874: arm-linux-gcc -E  conftest.c
configure:6880: $? = 0
configure:6900: result: yes
configure:6935: checking for locale.h
configure:6942: result: yes
configure:6819: checking nl_types.h usability
configure:6831: arm-linux-gcc -c -static -g  conftest.c >&5
configure:6837: $? = 0
configure:6841: test -z 
			 || test ! -s conftest.err
configure:6844: $? = 0
configure:6847: test -s conftest.o
configure:6850: $? = 0
configure:6860: result: yes
configure:6864: checking nl_types.h presence
configure:6874: arm-linux-gcc -E  conftest.c
configure:6880: $? = 0
configure:6900: result: yes
configure:6935: checking for nl_types.h
configure:6942: result: yes
configure:6819: checking malloc.h usability
configure:6831: arm-linux-gcc -c -static -g  conftest.c >&5
configure:6837: $? = 0
configure:6841: test -z 
			 || test ! -s conftest.err
configure:6844: $? = 0
configure:6847: test -s conftest.o
configure:6850: $? = 0
configure:6860: result: yes
configure:6864: checking malloc.h presence
configure:6874: arm-linux-gcc -E  conftest.c
configure:6880: $? = 0
configure:6900: result: yes
configure:6935: checking for malloc.h
configure:6942: result: yes
configure:6819: checking stddef.h usability
configure:6831: arm-linux-gcc -c -static -g  conftest.c >&5
configure:6837: $? = 0
configure:6841: test -z 
			 || test ! -s conftest.err
configure:6844: $? = 0
configure:6847: test -s conftest.o
configure:6850: $? = 0
configure:6860: result: yes
configure:6864: checking stddef.h presence
configure:6874: arm-linux-gcc -E  conftest.c
configure:6880: $? = 0
configure:6900: result: yes
configure:6935: checking for stddef.h
configure:6942: result: yes
configure:6810: checking for stdlib.h
configure:6815: result: yes
configure:6810: checking for string.h
configure:6815: result: yes
configure:6810: checking for unistd.h
configure:6815: result: yes
configure:6819: checking sys/param.h usability
configure:6831: arm-linux-gcc -c -static -g  conftest.c >&5
configure:6837: $? = 0
configure:6841: test -z 
			 || test ! -s conftest.err
configure:6844: $? = 0
configure:6847: test -s conftest.o
configure:6850: $? = 0
configure:6860: result: yes
configure:6864: checking sys/param.h presence
configure:6874: arm-linux-gcc -E  conftest.c
configure:6880: $? = 0
configure:6900: result: yes
configure:6935: checking for sys/param.h
configure:6942: result: yes
configure:6981: checking for feof_unlocked
configure:7038: arm-linux-gcc -o conftest -static -g   conftest.c  >&5
configure:7044: $? = 0
configure:7048: test -z 
			 || test ! -s conftest.err
configure:7051: $? = 0
configure:7054: test -s conftest
configure:7057: $? = 0
configure:7069: result: yes
configure:6981: checking for fgets_unlocked
configure:7038: arm-linux-gcc -o conftest -static -g   conftest.c  >&5
configure:7044: $? = 0
configure:7048: test -z 
			 || test ! -s conftest.err
configure:7051: $? = 0
configure:7054: test -s conftest
configure:7057: $? = 0
configure:7069: result: yes
configure:6981: checking for getc_unlocked
configure:7038: arm-linux-gcc -o conftest -static -g   conftest.c  >&5
configure:7044: $? = 0
configure:7048: test -z 
			 || test ! -s conftest.err
configure:7051: $? = 0
configure:7054: test -s conftest
configure:7057: $? = 0
configure:7069: result: yes
configure:6981: checking for getcwd
configure:7038: arm-linux-gcc -o conftest -static -g   conftest.c  >&5
configure:7044: $? = 0
configure:7048: test -z 
			 || test ! -s conftest.err
configure:7051: $? = 0
configure:7054: test -s conftest
configure:7057: $? = 0
configure:7069: result: yes
configure:6981: checking for getegid
configure:7038: arm-linux-gcc -o conftest -static -g   conftest.c  >&5
configure:7044: $? = 0
configure:7048: test -z 
			 || test ! -s conftest.err
configure:7051: $? = 0
configure:7054: test -s conftest
configure:7057: $? = 0
configure:7069: result: yes
configure:6981: checking for geteuid
configure:7038: arm-linux-gcc -o conftest -static -g   conftest.c  >&5
configure:7044: $? = 0
configure:7048: test -z 
			 || test ! -s conftest.err
configure:7051: $? = 0
configure:7054: test -s conftest
configure:7057: $? = 0
configure:7069: result: yes
configure:6981: checking for getgid
configure:7038: arm-linux-gcc -o conftest -static -g   conftest.c  >&5
configure:7044: $? = 0
configure:7048: test -z 
			 || test ! -s conftest.err
configure:7051: $? = 0
configure:7054: test -s conftest
configure:7057: $? = 0
configure:7069: result: yes
configure:6981: checking for getuid
configure:7038: arm-linux-gcc -o conftest -static -g   conftest.c  >&5
configure:7044: $? = 0
configure:7048: test -z 
			 || test ! -s conftest.err
configure:7051: $? = 0
configure:7054: test -s conftest
configure:7057: $? = 0
configure:7069: result: yes
configure:6981: checking for mempcpy
configure:7038: arm-linux-gcc -o conftest -static -g   conftest.c  >&5
conftest.c:73: warning: conflicting types for built-in function 'mempcpy'
configure:7044: $? = 0
configure:7048: test -z 
			 || test ! -s conftest.err
configure:7051: $? = 0
configure:7054: test -s conftest
configure:7057: $? = 0
configure:7069: result: yes
configure:6981: checking for munmap
configure:7038: arm-linux-gcc -o conftest -static -g   conftest.c  >&5
configure:7044: $? = 0
configure:7048: test -z 
			 || test ! -s conftest.err
configure:7051: $? = 0
configure:7054: test -s conftest
configure:7057: $? = 0
configure:7069: result: yes
configure:6981: checking for putenv
configure:7038: arm-linux-gcc -o conftest -static -g   conftest.c  >&5
configure:7044: $? = 0
configure:7048: test -z 
			 || test ! -s conftest.err
configure:7051: $? = 0
configure:7054: test -s conftest
configure:7057: $? = 0
configure:7069: result: yes
configure:6981: checking for setenv
configure:7038: arm-linux-gcc -o conftest -static -g   conftest.c  >&5
configure:7044: $? = 0
configure:7048: test -z 
			 || test ! -s conftest.err
configure:7051: $? = 0
configure:7054: test -s conftest
configure:7057: $? = 0
configure:7069: result: yes
configure:6981: checking for setlocale
configure:7038: arm-linux-gcc -o conftest -static -g   conftest.c  >&5
configure:7044: $? = 0
configure:7048: test -z 
			 || test ! -s conftest.err
configure:7051: $? = 0
configure:7054: test -s conftest
configure:7057: $? = 0
configure:7069: result: yes
configure:6981: checking for stpcpy
configure:7038: arm-linux-gcc -o conftest -static -g   conftest.c  >&5
conftest.c:78: warning: conflicting types for built-in function 'stpcpy'
configure:7044: $? = 0
configure:7048: test -z 
			 || test ! -s conftest.err
configure:7051: $? = 0
configure:7054: test -s conftest
configure:7057: $? = 0
configure:7069: result: yes
configure:6981: checking for strcasecmp
configure:7038: arm-linux-gcc -o conftest -static -g   conftest.c  >&5
conftest.c:79: warning: conflicting types for built-in function 'strcasecmp'
configure:7044: $? = 0
configure:7048: test -z 
			 || test ! -s conftest.err
configure:7051: $? = 0
configure:7054: test -s conftest
configure:7057: $? = 0
configure:7069: result: yes
configure:6981: checking for strdup
configure:7038: arm-linux-gcc -o conftest -static -g   conftest.c  >&5
conftest.c:80: warning: conflicting types for built-in function 'strdup'
configure:7044: $? = 0
configure:7048: test -z 
			 || test ! -s conftest.err
configure:7051: $? = 0
configure:7054: test -s conftest
configure:7057: $? = 0
configure:7069: result: yes
configure:6981: checking for strtoul
configure:7038: arm-linux-gcc -o conftest -static -g   conftest.c  >&5
configure:7044: $? = 0
configure:7048: test -z 
			 || test ! -s conftest.err
configure:7051: $? = 0
configure:7054: test -s conftest
configure:7057: $? = 0
configure:7069: result: yes
configure:6981: checking for tsearch
configure:7038: arm-linux-gcc -o conftest -static -g   conftest.c  >&5
configure:7044: $? = 0
configure:7048: test -z 
			 || test ! -s conftest.err
configure:7051: $? = 0
configure:7054: test -s conftest
configure:7057: $? = 0
configure:7069: result: yes
configure:6981: checking for __argz_count
configure:7038: arm-linux-gcc -o conftest -static -g   conftest.c  >&5
/tmp/ccyuD5l5.o: In function `main':
/home/richard/Downloads/netcat-0.7.1/conftest.c:102: undefined reference to `__argz_count'
/tmp/ccyuD5l5.o:(.data+0x0): undefined reference to `__argz_count'
collect2: ld returned 1 exit status
configure:7044: $? = 1
configure: failed program was:
| /* confdefs.h.  */
| 
| #define PACKAGE_NAME ""
| #define PACKAGE_TARNAME ""
| #define PACKAGE_VERSION ""
| #define PACKAGE_STRING ""
| #define PACKAGE_BUGREPORT ""
| #define PACKAGE "netcat"
| #define VERSION "0.7.1"
| #define HAVE_ICONV 1
| #define STDC_HEADERS 1
| #define HAVE_SYS_TYPES_H 1
| #define HAVE_SYS_STAT_H 1
| #define HAVE_STDLIB_H 1
| #define HAVE_STRING_H 1
| #define HAVE_MEMORY_H 1
| #define HAVE_STRINGS_H 1
| #define HAVE_INTTYPES_H 1
| #define HAVE_STDINT_H 1
| #define HAVE_UNISTD_H 1
| #define HAVE_ALLOCA_H 1
| #define HAVE_ALLOCA 1
| #define HAVE_STDLIB_H 1
| #define HAVE_UNISTD_H 1
| #define HAVE_GETPAGESIZE 1
| #define INTDIV0_RAISES_SIGFPE 0
| #define HAVE_INTTYPES_H_WITH_UINTMAX 1
| #define HAVE_STDINT_H_WITH_UINTMAX 1
| #define HAVE_UNSIGNED_LONG_LONG 1
| #define HAVE_INTTYPES_H 1
| #define HAVE_LIMITS_H 1
| #define HAVE_LOCALE_H 1
| #define HAVE_NL_TYPES_H 1
| #define HAVE_MALLOC_H 1
| #define HAVE_STDDEF_H 1
| #define HAVE_STDLIB_H 1
| #define HAVE_STRING_H 1
| #define HAVE_UNISTD_H 1
| #define HAVE_SYS_PARAM_H 1
| #define HAVE_FEOF_UNLOCKED 1
| #define HAVE_FGETS_UNLOCKED 1
| #define HAVE_GETC_UNLOCKED 1
| #define HAVE_GETCWD 1
| #define HAVE_GETEGID 1
| #define HAVE_GETEUID 1
| #define HAVE_GETGID 1
| #define HAVE_GETUID 1
| #define HAVE_MEMPCPY 1
| #define HAVE_MUNMAP 1
| #define HAVE_PUTENV 1
| #define HAVE_SETENV 1
| #define HAVE_SETLOCALE 1
| #define HAVE_STPCPY 1
| #define HAVE_STRCASECMP 1
| #define HAVE_STRDUP 1
| #define HAVE_STRTOUL 1
| #define HAVE_TSEARCH 1
| /* end confdefs.h.  */
| /* Define __argz_count to an innocuous variant, in case <limits.h> declares __argz_count.
|    For example, HP-UX 11i <limits.h> declares gettimeofday.  */
| #define __argz_count innocuous___argz_count
| 
| /* System header to define __stub macros and hopefully few prototypes,
|     which can conflict with char __argz_count (); below.
|     Prefer <limits.h> to <assert.h> if __STDC__ is defined, since
|     <limits.h> exists even on freestanding compilers.  */
| 
| #ifdef __STDC__
| # include <limits.h>
| #else
| # include <assert.h>
| #endif
| 
| #undef __argz_count
| 
| /* Override any gcc2 internal prototype to avoid an error.  */
| #ifdef __cplusplus
| extern "C"
| {
| #endif
| /* We use char because int might match the return type of a gcc2
|    builtin and then its argument prototype would still apply.  */
| char __argz_count ();
| /* The GNU C library defines this for functions which it implements
|     to always fail with ENOSYS.  Some functions are actually named
|     something starting with __ and the normal name is an alias.  */
| #if defined (__stub___argz_count) || defined (__stub_____argz_count)
| choke me
| #else
| char (*f) () = __argz_count;
| #endif
| #ifdef __cplusplus
| }
| #endif
| 
| int
| main ()
| {
| return f != __argz_count;
|   ;
|   return 0;
| }
configure:7069: result: no
configure:6981: checking for __argz_stringify
configure:7038: arm-linux-gcc -o conftest -static -g   conftest.c  >&5
/tmp/ccI5r7ac.o: In function `main':
/home/richard/Downloads/netcat-0.7.1/conftest.c:102: undefined reference to `__argz_stringify'
/tmp/ccI5r7ac.o:(.data+0x0): undefined reference to `__argz_stringify'
collect2: ld returned 1 exit status
configure:7044: $? = 1
configure: failed program was:
| /* confdefs.h.  */
| 
| #define PACKAGE_NAME ""
| #define PACKAGE_TARNAME ""
| #define PACKAGE_VERSION ""
| #define PACKAGE_STRING ""
| #define PACKAGE_BUGREPORT ""
| #define PACKAGE "netcat"
| #define VERSION "0.7.1"
| #define HAVE_ICONV 1
| #define STDC_HEADERS 1
| #define HAVE_SYS_TYPES_H 1
| #define HAVE_SYS_STAT_H 1
| #define HAVE_STDLIB_H 1
| #define HAVE_STRING_H 1
| #define HAVE_MEMORY_H 1
| #define HAVE_STRINGS_H 1
| #define HAVE_INTTYPES_H 1
| #define HAVE_STDINT_H 1
| #define HAVE_UNISTD_H 1
| #define HAVE_ALLOCA_H 1
| #define HAVE_ALLOCA 1
| #define HAVE_STDLIB_H 1
| #define HAVE_UNISTD_H 1
| #define HAVE_GETPAGESIZE 1
| #define INTDIV0_RAISES_SIGFPE 0
| #define HAVE_INTTYPES_H_WITH_UINTMAX 1
| #define HAVE_STDINT_H_WITH_UINTMAX 1
| #define HAVE_UNSIGNED_LONG_LONG 1
| #define HAVE_INTTYPES_H 1
| #define HAVE_LIMITS_H 1
| #define HAVE_LOCALE_H 1
| #define HAVE_NL_TYPES_H 1
| #define HAVE_MALLOC_H 1
| #define HAVE_STDDEF_H 1
| #define HAVE_STDLIB_H 1
| #define HAVE_STRING_H 1
| #define HAVE_UNISTD_H 1
| #define HAVE_SYS_PARAM_H 1
| #define HAVE_FEOF_UNLOCKED 1
| #define HAVE_FGETS_UNLOCKED 1
| #define HAVE_GETC_UNLOCKED 1
| #define HAVE_GETCWD 1
| #define HAVE_GETEGID 1
| #define HAVE_GETEUID 1
| #define HAVE_GETGID 1
| #define HAVE_GETUID 1
| #define HAVE_MEMPCPY 1
| #define HAVE_MUNMAP 1
| #define HAVE_PUTENV 1
| #define HAVE_SETENV 1
| #define HAVE_SETLOCALE 1
| #define HAVE_STPCPY 1
| #define HAVE_STRCASECMP 1
| #define HAVE_STRDUP 1
| #define HAVE_STRTOUL 1
| #define HAVE_TSEARCH 1
| /* end confdefs.h.  */
| /* Define __argz_stringify to an innocuous variant, in case <limits.h> declares __argz_stringify.
|    For example, HP-UX 11i <limits.h> declares gettimeofday.  */
| #define __argz_stringify innocuous___argz_stringify
| 
| /* System header to define __stub macros and hopefully few prototypes,
|     which can conflict with char __argz_stringify (); below.
|     Prefer <limits.h> to <assert.h> if __STDC__ is defined, since
|     <limits.h> exists even on freestanding compilers.  */
| 
| #ifdef __STDC__
| # include <limits.h>
| #else
| # include <assert.h>
| #endif
| 
| #undef __argz_stringify
| 
| /* Override any gcc2 internal prototype to avoid an error.  */
| #ifdef __cplusplus
| extern "C"
| {
| #endif
| /* We use char because int might match the return type of a gcc2
|    builtin and then its argument prototype would still apply.  */
| char __argz_stringify ();
| /* The GNU C library defines this for functions which it implements
|     to always fail with ENOSYS.  Some functions are actually named
|     something starting with __ and the normal name is an alias.  */
| #if defined (__stub___argz_stringify) || defined (__stub_____argz_stringify)
| choke me
| #else
| char (*f) () = __argz_stringify;
| #endif
| #ifdef __cplusplus
| }
| #endif
| 
| int
| main ()
| {
| return f != __argz_stringify;
|   ;
|   return 0;
| }
configure:7069: result: no
configure:6981: checking for __argz_next
configure:7038: arm-linux-gcc -o conftest -static -g   conftest.c  >&5
/tmp/ccmYRx1j.o: In function `main':
/home/richard/Downloads/netcat-0.7.1/conftest.c:102: undefined reference to `__argz_next'
/tmp/ccmYRx1j.o:(.data+0x0): undefined reference to `__argz_next'
collect2: ld returned 1 exit status
configure:7044: $? = 1
configure: failed program was:
| /* confdefs.h.  */
| 
| #define PACKAGE_NAME ""
| #define PACKAGE_TARNAME ""
| #define PACKAGE_VERSION ""
| #define PACKAGE_STRING ""
| #define PACKAGE_BUGREPORT ""
| #define PACKAGE "netcat"
| #define VERSION "0.7.1"
| #define HAVE_ICONV 1
| #define STDC_HEADERS 1
| #define HAVE_SYS_TYPES_H 1
| #define HAVE_SYS_STAT_H 1
| #define HAVE_STDLIB_H 1
| #define HAVE_STRING_H 1
| #define HAVE_MEMORY_H 1
| #define HAVE_STRINGS_H 1
| #define HAVE_INTTYPES_H 1
| #define HAVE_STDINT_H 1
| #define HAVE_UNISTD_H 1
| #define HAVE_ALLOCA_H 1
| #define HAVE_ALLOCA 1
| #define HAVE_STDLIB_H 1
| #define HAVE_UNISTD_H 1
| #define HAVE_GETPAGESIZE 1
| #define INTDIV0_RAISES_SIGFPE 0
| #define HAVE_INTTYPES_H_WITH_UINTMAX 1
| #define HAVE_STDINT_H_WITH_UINTMAX 1
| #define HAVE_UNSIGNED_LONG_LONG 1
| #define HAVE_INTTYPES_H 1
| #define HAVE_LIMITS_H 1
| #define HAVE_LOCALE_H 1
| #define HAVE_NL_TYPES_H 1
| #define HAVE_MALLOC_H 1
| #define HAVE_STDDEF_H 1
| #define HAVE_STDLIB_H 1
| #define HAVE_STRING_H 1
| #define HAVE_UNISTD_H 1
| #define HAVE_SYS_PARAM_H 1
| #define HAVE_FEOF_UNLOCKED 1
| #define HAVE_FGETS_UNLOCKED 1
| #define HAVE_GETC_UNLOCKED 1
| #define HAVE_GETCWD 1
| #define HAVE_GETEGID 1
| #define HAVE_GETEUID 1
| #define HAVE_GETGID 1
| #define HAVE_GETUID 1
| #define HAVE_MEMPCPY 1
| #define HAVE_MUNMAP 1
| #define HAVE_PUTENV 1
| #define HAVE_SETENV 1
| #define HAVE_SETLOCALE 1
| #define HAVE_STPCPY 1
| #define HAVE_STRCASECMP 1
| #define HAVE_STRDUP 1
| #define HAVE_STRTOUL 1
| #define HAVE_TSEARCH 1
| /* end confdefs.h.  */
| /* Define __argz_next to an innocuous variant, in case <limits.h> declares __argz_next.
|    For example, HP-UX 11i <limits.h> declares gettimeofday.  */
| #define __argz_next innocuous___argz_next
| 
| /* System header to define __stub macros and hopefully few prototypes,
|     which can conflict with char __argz_next (); below.
|     Prefer <limits.h> to <assert.h> if __STDC__ is defined, since
|     <limits.h> exists even on freestanding compilers.  */
| 
| #ifdef __STDC__
| # include <limits.h>
| #else
| # include <assert.h>
| #endif
| 
| #undef __argz_next
| 
| /* Override any gcc2 internal prototype to avoid an error.  */
| #ifdef __cplusplus
| extern "C"
| {
| #endif
| /* We use char because int might match the return type of a gcc2
|    builtin and then its argument prototype would still apply.  */
| char __argz_next ();
| /* The GNU C library defines this for functions which it implements
|     to always fail with ENOSYS.  Some functions are actually named
|     something starting with __ and the normal name is an alias.  */
| #if defined (__stub___argz_next) || defined (__stub_____argz_next)
| choke me
| #else
| char (*f) () = __argz_next;
| #endif
| #ifdef __cplusplus
| }
| #endif
| 
| int
| main ()
| {
| return f != __argz_next;
|   ;
|   return 0;
| }
configure:7069: result: no
configure:7110: checking for iconv
configure:7222: result: yes
configure:7245: checking for iconv declaration
configure:7279: arm-linux-gcc -c -static -g  conftest.c >&5
configure:7285: $? = 0
configure:7289: test -z 
			 || test ! -s conftest.err
configure:7292: $? = 0
configure:7295: test -s conftest.o
configure:7298: $? = 0
configure:7313: result: 
         extern size_t iconv (iconv_t cd, char * *inbuf, size_t *inbytesleft, char * *outbuf, size_t *outbytesleft);
configure:7324: checking for nl_langinfo and CODESET
configure:7345: arm-linux-gcc -o conftest -static -g   conftest.c  >&5
configure:7351: $? = 0
configure:7355: test -z 
			 || test ! -s conftest.err
configure:7358: $? = 0
configure:7361: test -s conftest
configure:7364: $? = 0
configure:7377: result: yes
configure:7389: checking for LC_MESSAGES
configure:7410: arm-linux-gcc -o conftest -static -g   conftest.c  >&5
configure:7416: $? = 0
configure:7420: test -z 
			 || test ! -s conftest.err
configure:7423: $? = 0
configure:7426: test -s conftest
configure:7429: $? = 0
configure:7441: result: yes
configure:7457: checking for bison
configure:7486: result: no
configure:7516: checking for gethostbyname
configure:7573: arm-linux-gcc -o conftest -static -g   conftest.c  >&5
configure:7579: $? = 0
configure:7583: test -z 
			 || test ! -s conftest.err
configure:7586: $? = 0
configure:7589: test -s conftest
configure:7592: $? = 0
configure:7604: result: yes
configure:7909: checking for socket
configure:7966: arm-linux-gcc -o conftest -static -g   conftest.c  >&5
configure:7972: $? = 0
configure:7976: test -z 
			 || test ! -s conftest.err
configure:7979: $? = 0
configure:7982: test -s conftest
configure:7985: $? = 0
configure:7997: result: yes
configure:8149: checking for putmsg in -lstr
configure:8179: arm-linux-gcc -o conftest -static -g   conftest.c -lstr   >&5
/comdin/buildroot/build_arm/staging_dir/usr/bin/arm-linux-uclibc-ld: cannot find -lstr
collect2: ld returned 1 exit status
configure:8185: $? = 1
configure: failed program was:
| /* confdefs.h.  */
| 
| #define PACKAGE_NAME ""
| #define PACKAGE_TARNAME ""
| #define PACKAGE_VERSION ""
| #define PACKAGE_STRING ""
| #define PACKAGE_BUGREPORT ""
| #define PACKAGE "netcat"
| #define VERSION "0.7.1"
| #define HAVE_ICONV 1
| #define STDC_HEADERS 1
| #define HAVE_SYS_TYPES_H 1
| #define HAVE_SYS_STAT_H 1
| #define HAVE_STDLIB_H 1
| #define HAVE_STRING_H 1
| #define HAVE_MEMORY_H 1
| #define HAVE_STRINGS_H 1
| #define HAVE_INTTYPES_H 1
| #define HAVE_STDINT_H 1
| #define HAVE_UNISTD_H 1
| #define HAVE_ALLOCA_H 1
| #define HAVE_ALLOCA 1
| #define HAVE_STDLIB_H 1
| #define HAVE_UNISTD_H 1
| #define HAVE_GETPAGESIZE 1
| #define INTDIV0_RAISES_SIGFPE 0
| #define HAVE_INTTYPES_H_WITH_UINTMAX 1
| #define HAVE_STDINT_H_WITH_UINTMAX 1
| #define HAVE_UNSIGNED_LONG_LONG 1
| #define HAVE_INTTYPES_H 1
| #define HAVE_LIMITS_H 1
| #define HAVE_LOCALE_H 1
| #define HAVE_NL_TYPES_H 1
| #define HAVE_MALLOC_H 1
| #define HAVE_STDDEF_H 1
| #define HAVE_STDLIB_H 1
| #define HAVE_STRING_H 1
| #define HAVE_UNISTD_H 1
| #define HAVE_SYS_PARAM_H 1
| #define HAVE_FEOF_UNLOCKED 1
| #define HAVE_FGETS_UNLOCKED 1
| #define HAVE_GETC_UNLOCKED 1
| #define HAVE_GETCWD 1
| #define HAVE_GETEGID 1
| #define HAVE_GETEUID 1
| #define HAVE_GETGID 1
| #define HAVE_GETUID 1
| #define HAVE_MEMPCPY 1
| #define HAVE_MUNMAP 1
| #define HAVE_PUTENV 1
| #define HAVE_SETENV 1
| #define HAVE_SETLOCALE 1
| #define HAVE_STPCPY 1
| #define HAVE_STRCASECMP 1
| #define HAVE_STRDUP 1
| #define HAVE_STRTOUL 1
| #define HAVE_TSEARCH 1
| #define HAVE_ICONV 1
| #define ICONV_CONST 
| #define HAVE_LANGINFO_CODESET 1
| #define HAVE_LC_MESSAGES 1
| /* end confdefs.h.  */
| 
| /* Override any gcc2 internal prototype to avoid an error.  */
| #ifdef __cplusplus
| extern "C"
| #endif
| /* We use char because int might match the return type of a gcc2
|    builtin and then its argument prototype would still apply.  */
| char putmsg ();
| int
| main ()
| {
| putmsg ();
|   ;
|   return 0;
| }
configure:8211: result: no
configure:8238: checking sys/sockio.h usability
configure:8250: arm-linux-gcc -c -static -g  conftest.c >&5
conftest.c:97:24: error: sys/sockio.h: No such file or directory
configure:8256: $? = 1
configure: failed program was:
| /* confdefs.h.  */
| 
| #define PACKAGE_NAME ""
| #define PACKAGE_TARNAME ""
| #define PACKAGE_VERSION ""
| #define PACKAGE_STRING ""
| #define PACKAGE_BUGREPORT ""
| #define PACKAGE "netcat"
| #define VERSION "0.7.1"
| #define HAVE_ICONV 1
| #define STDC_HEADERS 1
| #define HAVE_SYS_TYPES_H 1
| #define HAVE_SYS_STAT_H 1
| #define HAVE_STDLIB_H 1
| #define HAVE_STRING_H 1
| #define HAVE_MEMORY_H 1
| #define HAVE_STRINGS_H 1
| #define HAVE_INTTYPES_H 1
| #define HAVE_STDINT_H 1
| #define HAVE_UNISTD_H 1
| #define HAVE_ALLOCA_H 1
| #define HAVE_ALLOCA 1
| #define HAVE_STDLIB_H 1
| #define HAVE_UNISTD_H 1
| #define HAVE_GETPAGESIZE 1
| #define INTDIV0_RAISES_SIGFPE 0
| #define HAVE_INTTYPES_H_WITH_UINTMAX 1
| #define HAVE_STDINT_H_WITH_UINTMAX 1
| #define HAVE_UNSIGNED_LONG_LONG 1
| #define HAVE_INTTYPES_H 1
| #define HAVE_LIMITS_H 1
| #define HAVE_LOCALE_H 1
| #define HAVE_NL_TYPES_H 1
| #define HAVE_MALLOC_H 1
| #define HAVE_STDDEF_H 1
| #define HAVE_STDLIB_H 1
| #define HAVE_STRING_H 1
| #define HAVE_UNISTD_H 1
| #define HAVE_SYS_PARAM_H 1
| #define HAVE_FEOF_UNLOCKED 1
| #define HAVE_FGETS_UNLOCKED 1
| #define HAVE_GETC_UNLOCKED 1
| #define HAVE_GETCWD 1
| #define HAVE_GETEGID 1
| #define HAVE_GETEUID 1
| #define HAVE_GETGID 1
| #define HAVE_GETUID 1
| #define HAVE_MEMPCPY 1
| #define HAVE_MUNMAP 1
| #define HAVE_PUTENV 1
| #define HAVE_SETENV 1
| #define HAVE_SETLOCALE 1
| #define HAVE_STPCPY 1
| #define HAVE_STRCASECMP 1
| #define HAVE_STRDUP 1
| #define HAVE_STRTOUL 1
| #define HAVE_TSEARCH 1
| #define HAVE_ICONV 1
| #define ICONV_CONST 
| #define HAVE_LANGINFO_CODESET 1
| #define HAVE_LC_MESSAGES 1
| /* end confdefs.h.  */
| #include <stdio.h>
| #if HAVE_SYS_TYPES_H
| # include <sys/types.h>
| #endif
| #if HAVE_SYS_STAT_H
| # include <sys/stat.h>
| #endif
| #if STDC_HEADERS
| # include <stdlib.h>
| # include <stddef.h>
| #else
| # if HAVE_STDLIB_H
| #  include <stdlib.h>
| # endif
| #endif
| #if HAVE_STRING_H
| # if !STDC_HEADERS && HAVE_MEMORY_H
| #  include <memory.h>
| # endif
| # include <string.h>
| #endif
| #if HAVE_STRINGS_H
| # include <strings.h>
| #endif
| #if HAVE_INTTYPES_H
| # include <inttypes.h>
| #else
| # if HAVE_STDINT_H
| #  include <stdint.h>
| # endif
| #endif
| #if HAVE_UNISTD_H
| # include <unistd.h>
| #endif
| #include <sys/sockio.h>
configure:8279: result: no
configure:8283: checking sys/sockio.h presence
configure:8293: arm-linux-gcc -E  conftest.c
conftest.c:63:24: error: sys/sockio.h: No such file or directory
configure:8299: $? = 1
configure: failed program was:
| /* confdefs.h.  */
| 
| #define PACKAGE_NAME ""
| #define PACKAGE_TARNAME ""
| #define PACKAGE_VERSION ""
| #define PACKAGE_STRING ""
| #define PACKAGE_BUGREPORT ""
| #define PACKAGE "netcat"
| #define VERSION "0.7.1"
| #define HAVE_ICONV 1
| #define STDC_HEADERS 1
| #define HAVE_SYS_TYPES_H 1
| #define HAVE_SYS_STAT_H 1
| #define HAVE_STDLIB_H 1
| #define HAVE_STRING_H 1
| #define HAVE_MEMORY_H 1
| #define HAVE_STRINGS_H 1
| #define HAVE_INTTYPES_H 1
| #define HAVE_STDINT_H 1
| #define HAVE_UNISTD_H 1
| #define HAVE_ALLOCA_H 1
| #define HAVE_ALLOCA 1
| #define HAVE_STDLIB_H 1
| #define HAVE_UNISTD_H 1
| #define HAVE_GETPAGESIZE 1
| #define INTDIV0_RAISES_SIGFPE 0
| #define HAVE_INTTYPES_H_WITH_UINTMAX 1
| #define HAVE_STDINT_H_WITH_UINTMAX 1
| #define HAVE_UNSIGNED_LONG_LONG 1
| #define HAVE_INTTYPES_H 1
| #define HAVE_LIMITS_H 1
| #define HAVE_LOCALE_H 1
| #define HAVE_NL_TYPES_H 1
| #define HAVE_MALLOC_H 1
| #define HAVE_STDDEF_H 1
| #define HAVE_STDLIB_H 1
| #define HAVE_STRING_H 1
| #define HAVE_UNISTD_H 1
| #define HAVE_SYS_PARAM_H 1
| #define HAVE_FEOF_UNLOCKED 1
| #define HAVE_FGETS_UNLOCKED 1
| #define HAVE_GETC_UNLOCKED 1
| #define HAVE_GETCWD 1
| #define HAVE_GETEGID 1
| #define HAVE_GETEUID 1
| #define HAVE_GETGID 1
| #define HAVE_GETUID 1
| #define HAVE_MEMPCPY 1
| #define HAVE_MUNMAP 1
| #define HAVE_PUTENV 1
| #define HAVE_SETENV 1
| #define HAVE_SETLOCALE 1
| #define HAVE_STPCPY 1
| #define HAVE_STRCASECMP 1
| #define HAVE_STRDUP 1
| #define HAVE_STRTOUL 1
| #define HAVE_TSEARCH 1
| #define HAVE_ICONV 1
| #define ICONV_CONST 
| #define HAVE_LANGINFO_CODESET 1
| #define HAVE_LC_MESSAGES 1
| /* end confdefs.h.  */
| #include <sys/sockio.h>
configure:8319: result: no
configure:8354: checking for sys/sockio.h
configure:8361: result: no
configure:8380: checking for srandom
configure:8437: arm-linux-gcc -o conftest -static -g   conftest.c  >&5
configure:8443: $? = 0
configure:8447: test -z 
			 || test ! -s conftest.err
configure:8450: $? = 0
configure:8453: test -s conftest
configure:8456: $? = 0
configure:8468: result: yes
configure:8380: checking for random
configure:8437: arm-linux-gcc -o conftest -static -g   conftest.c  >&5
configure:8443: $? = 0
configure:8447: test -z 
			 || test ! -s conftest.err
configure:8450: $? = 0
configure:8453: test -s conftest
configure:8456: $? = 0
configure:8468: result: yes
configure:8590: checking for inet_pton
configure:8647: arm-linux-gcc -o conftest -static -g   conftest.c  >&5
configure:8653: $? = 0
configure:8657: test -z 
			 || test ! -s conftest.err
configure:8660: $? = 0
configure:8663: test -s conftest
configure:8666: $? = 0
configure:8678: result: yes
configure:8590: checking for inet_ntop
configure:8647: arm-linux-gcc -o conftest -static -g   conftest.c  >&5
configure:8653: $? = 0
configure:8657: test -z 
			 || test ! -s conftest.err
configure:8660: $? = 0
configure:8663: test -s conftest
configure:8666: $? = 0
configure:8678: result: yes
configure:8689: checking for struct sockaddr.sa_len
configure:8714: arm-linux-gcc -c -static -g  conftest.c >&5
conftest.c: In function 'main':
conftest.c:74: error: 'struct sockaddr' has no member named 'sa_len'
configure:8720: $? = 1
configure: failed program was:
| /* confdefs.h.  */
| 
| #define PACKAGE_NAME ""
| #define PACKAGE_TARNAME ""
| #define PACKAGE_VERSION ""
| #define PACKAGE_STRING ""
| #define PACKAGE_BUGREPORT ""
| #define PACKAGE "netcat"
| #define VERSION "0.7.1"
| #define HAVE_ICONV 1
| #define STDC_HEADERS 1
| #define HAVE_SYS_TYPES_H 1
| #define HAVE_SYS_STAT_H 1
| #define HAVE_STDLIB_H 1
| #define HAVE_STRING_H 1
| #define HAVE_MEMORY_H 1
| #define HAVE_STRINGS_H 1
| #define HAVE_INTTYPES_H 1
| #define HAVE_STDINT_H 1
| #define HAVE_UNISTD_H 1
| #define HAVE_ALLOCA_H 1
| #define HAVE_ALLOCA 1
| #define HAVE_STDLIB_H 1
| #define HAVE_UNISTD_H 1
| #define HAVE_GETPAGESIZE 1
| #define INTDIV0_RAISES_SIGFPE 0
| #define HAVE_INTTYPES_H_WITH_UINTMAX 1
| #define HAVE_STDINT_H_WITH_UINTMAX 1
| #define HAVE_UNSIGNED_LONG_LONG 1
| #define HAVE_INTTYPES_H 1
| #define HAVE_LIMITS_H 1
| #define HAVE_LOCALE_H 1
| #define HAVE_NL_TYPES_H 1
| #define HAVE_MALLOC_H 1
| #define HAVE_STDDEF_H 1
| #define HAVE_STDLIB_H 1
| #define HAVE_STRING_H 1
| #define HAVE_UNISTD_H 1
| #define HAVE_SYS_PARAM_H 1
| #define HAVE_FEOF_UNLOCKED 1
| #define HAVE_FGETS_UNLOCKED 1
| #define HAVE_GETC_UNLOCKED 1
| #define HAVE_GETCWD 1
| #define HAVE_GETEGID 1
| #define HAVE_GETEUID 1
| #define HAVE_GETGID 1
| #define HAVE_GETUID 1
| #define HAVE_MEMPCPY 1
| #define HAVE_MUNMAP 1
| #define HAVE_PUTENV 1
| #define HAVE_SETENV 1
| #define HAVE_SETLOCALE 1
| #define HAVE_STPCPY 1
| #define HAVE_STRCASECMP 1
| #define HAVE_STRDUP 1
| #define HAVE_STRTOUL 1
| #define HAVE_TSEARCH 1
| #define HAVE_ICONV 1
| #define ICONV_CONST 
| #define HAVE_LANGINFO_CODESET 1
| #define HAVE_LC_MESSAGES 1
| #define HAVE_SRANDOM 1
| #define HAVE_RANDOM 1
| #define HAVE_INET_PTON 1
| #define HAVE_INET_NTOP 1
| /* end confdefs.h.  */
| #include <sys/types.h>
| #include <sys/socket.h>
| 
| int
| main ()
| {
| static struct sockaddr ac_aggr;
| if (ac_aggr.sa_len)
| return 0;
|   ;
|   return 0;
| }
configure:8760: arm-linux-gcc -c -static -g  conftest.c >&5
conftest.c: In function 'main':
conftest.c:74: error: 'struct sockaddr' has no member named 'sa_len'
configure:8766: $? = 1
configure: failed program was:
| /* confdefs.h.  */
| 
| #define PACKAGE_NAME ""
| #define PACKAGE_TARNAME ""
| #define PACKAGE_VERSION ""
| #define PACKAGE_STRING ""
| #define PACKAGE_BUGREPORT ""
| #define PACKAGE "netcat"
| #define VERSION "0.7.1"
| #define HAVE_ICONV 1
| #define STDC_HEADERS 1
| #define HAVE_SYS_TYPES_H 1
| #define HAVE_SYS_STAT_H 1
| #define HAVE_STDLIB_H 1
| #define HAVE_STRING_H 1
| #define HAVE_MEMORY_H 1
| #define HAVE_STRINGS_H 1
| #define HAVE_INTTYPES_H 1
| #define HAVE_STDINT_H 1
| #define HAVE_UNISTD_H 1
| #define HAVE_ALLOCA_H 1
| #define HAVE_ALLOCA 1
| #define HAVE_STDLIB_H 1
| #define HAVE_UNISTD_H 1
| #define HAVE_GETPAGESIZE 1
| #define INTDIV0_RAISES_SIGFPE 0
| #define HAVE_INTTYPES_H_WITH_UINTMAX 1
| #define HAVE_STDINT_H_WITH_UINTMAX 1
| #define HAVE_UNSIGNED_LONG_LONG 1
| #define HAVE_INTTYPES_H 1
| #define HAVE_LIMITS_H 1
| #define HAVE_LOCALE_H 1
| #define HAVE_NL_TYPES_H 1
| #define HAVE_MALLOC_H 1
| #define HAVE_STDDEF_H 1
| #define HAVE_STDLIB_H 1
| #define HAVE_STRING_H 1
| #define HAVE_UNISTD_H 1
| #define HAVE_SYS_PARAM_H 1
| #define HAVE_FEOF_UNLOCKED 1
| #define HAVE_FGETS_UNLOCKED 1
| #define HAVE_GETC_UNLOCKED 1
| #define HAVE_GETCWD 1
| #define HAVE_GETEGID 1
| #define HAVE_GETEUID 1
| #define HAVE_GETGID 1
| #define HAVE_GETUID 1
| #define HAVE_MEMPCPY 1
| #define HAVE_MUNMAP 1
| #define HAVE_PUTENV 1
| #define HAVE_SETENV 1
| #define HAVE_SETLOCALE 1
| #define HAVE_STPCPY 1
| #define HAVE_STRCASECMP 1
| #define HAVE_STRDUP 1
| #define HAVE_STRTOUL 1
| #define HAVE_TSEARCH 1
| #define HAVE_ICONV 1
| #define ICONV_CONST 
| #define HAVE_LANGINFO_CODESET 1
| #define HAVE_LC_MESSAGES 1
| #define HAVE_SRANDOM 1
| #define HAVE_RANDOM 1
| #define HAVE_INET_PTON 1
| #define HAVE_INET_NTOP 1
| /* end confdefs.h.  */
| #include <sys/types.h>
| #include <sys/socket.h>
| 
| int
| main ()
| {
| static struct sockaddr ac_aggr;
| if (sizeof ac_aggr.sa_len)
| return 0;
|   ;
|   return 0;
| }
configure:8792: result: no
configure:8804: checking for struct in_pktinfo
configure:8830: arm-linux-gcc -c -static -g  conftest.c >&5
configure:8836: $? = 0
configure:8840: test -z 
			 || test ! -s conftest.err
configure:8843: $? = 0
configure:8846: test -s conftest.o
configure:8849: $? = 0
configure:8860: result: yes
configure:8870: checking for in_port_t
configure:8896: arm-linux-gcc -c -static -g  conftest.c >&5
configure:8902: $? = 0
configure:8906: test -z 
			 || test ! -s conftest.err
configure:8909: $? = 0
configure:8912: test -s conftest.o
configure:8915: $? = 0
configure:8926: result: yes
configure:9025: checking for getopt_long
configure:9082: arm-linux-gcc -o conftest -static -g -Wall   conftest.c  >&5
configure:9088: $? = 0
configure:9092: test -z 
			 || test ! -s conftest.err
configure:9095: $? = 0
configure:9098: test -s conftest
configure:9101: $? = 0
configure:9113: result: yes
configure:9267: creating ./config.status

## ---------------------- ##
## Running config.status. ##
## ---------------------- ##

This file was extended by config.status, which was
generated by GNU Autoconf 2.59.  Invocation command line was

  CONFIG_FILES    = 
  CONFIG_HEADERS  = 
  CONFIG_LINKS    = 
  CONFIG_COMMANDS = 
  $ ./config.status 

on richard-OptiPlex-990

config.status:738: creating Makefile
config.status:738: creating m4/Makefile
config.status:738: creating lib/Makefile
config.status:738: creating lib/contrib/Makefile
config.status:738: creating src/Makefile
config.status:738: creating doc/Makefile
config.status:738: creating doc/drafts/Makefile
config.status:738: creating po/Makefile.in
config.status:738: creating doc/texi2pod.pl
config.status:846: creating config.h
config.status:1070: config.h is unchanged
config.status:1250: executing depfiles commands
config.status:1250: executing default-1 commands

## ---------------- ##
## Cache variables. ##
## ---------------- ##

ac_cv_build=i686-pc-linux-gnu
ac_cv_build_alias=i686-pc-linux-gnu
ac_cv_c_compiler_gnu=yes
ac_cv_c_const=yes
ac_cv_c_inline=inline
ac_cv_env_CC_set=
ac_cv_env_CC_value=
ac_cv_env_CFLAGS_set=set
ac_cv_env_CFLAGS_value='-static -g'
ac_cv_env_CPPFLAGS_set=
ac_cv_env_CPPFLAGS_value=
ac_cv_env_CPP_set=
ac_cv_env_CPP_value=
ac_cv_env_LDFLAGS_set=
ac_cv_env_LDFLAGS_value=
ac_cv_env_build_alias_set=
ac_cv_env_build_alias_value=
ac_cv_env_host_alias_set=set
ac_cv_env_host_alias_value=arm-linux
ac_cv_env_target_alias_set=
ac_cv_env_target_alias_value=
ac_cv_exeext=
ac_cv_func___argz_count=no
ac_cv_func___argz_next=no
ac_cv_func___argz_stringify=no
ac_cv_func_alloca_works=yes
ac_cv_func_feof_unlocked=yes
ac_cv_func_fgets_unlocked=yes
ac_cv_func_getc_unlocked=yes
ac_cv_func_getcwd=yes
ac_cv_func_getegid=yes
ac_cv_func_geteuid=yes
ac_cv_func_getgid=yes
ac_cv_func_gethostbyname=yes
ac_cv_func_getopt_long=yes
ac_cv_func_getpagesize=yes
ac_cv_func_getuid=yes
ac_cv_func_inet_ntop=yes
ac_cv_func_inet_pton=yes
ac_cv_func_mempcpy=yes
ac_cv_func_mmap_fixed_mapped=no
ac_cv_func_munmap=yes
ac_cv_func_putenv=yes
ac_cv_func_random=yes
ac_cv_func_setenv=yes
ac_cv_func_setlocale=yes
ac_cv_func_socket=yes
ac_cv_func_srandom=yes
ac_cv_func_stpcpy=yes
ac_cv_func_strcasecmp=yes
ac_cv_func_strdup=yes
ac_cv_func_strtoul=yes
ac_cv_func_tsearch=yes
ac_cv_gnu_library_2_1=yes
ac_cv_header_argz_h=no
ac_cv_header_inttypes_h=yes
ac_cv_header_limits_h=yes
ac_cv_header_locale_h=yes
ac_cv_header_malloc_h=yes
ac_cv_header_memory_h=yes
ac_cv_header_nl_types_h=yes
ac_cv_header_stdc=yes
ac_cv_header_stddef_h=yes
ac_cv_header_stdint_h=yes
ac_cv_header_stdlib_h=yes
ac_cv_header_string_h=yes
ac_cv_header_strings_h=yes
ac_cv_header_sys_param_h=yes
ac_cv_header_sys_sockio_h=no
ac_cv_header_sys_stat_h=yes
ac_cv_header_sys_types_h=yes
ac_cv_header_unistd_h=yes
ac_cv_host=arm-unknown-linux-gnu
ac_cv_host_alias=arm-linux
ac_cv_lib_cposix_strerror=no
ac_cv_lib_str_putmsg=no
ac_cv_member_struct_sockaddr_sa_len=no
ac_cv_objext=o
ac_cv_path_GMSGFMT=:
ac_cv_path_MSGFMT=:
ac_cv_path_MSGMERGE=:
ac_cv_path_PERL=/usr/bin/perl
ac_cv_path_POD2MAN=/usr/bin/pod2man
ac_cv_path_XGETTEXT=:
ac_cv_path_install='/usr/bin/install -c'
ac_cv_prog_AWK=mawk
ac_cv_prog_CC=arm-linux-gcc
ac_cv_prog_CPP='arm-linux-gcc -E'
ac_cv_prog_RANLIB=arm-linux-ranlib
ac_cv_prog_STRIP=arm-linux-strip
ac_cv_prog_cc_g=yes
ac_cv_prog_cc_stdc=
ac_cv_prog_egrep='grep -E'
ac_cv_prog_make_make_set=yes
ac_cv_target=arm-unknown-linux-gnu
ac_cv_target_alias=arm-linux
ac_cv_type_in_port_t=yes
ac_cv_type_off_t=yes
ac_cv_type_size_t=yes
ac_cv_type_struct_in_pktinfo=yes
ac_cv_type_unsigned_long_long=yes
ac_cv_working_alloca_h=yes
acl_cv_hardcode_direct=no
acl_cv_hardcode_libdir_flag_spec='${wl}-rpath ${wl}$libdir'
acl_cv_hardcode_libdir_separator=
acl_cv_hardcode_minus_L=no
acl_cv_libext=a
acl_cv_path_LD=/comdin/buildroot/build_arm/staging_dir/usr/bin/arm-linux-uclibc-ld
acl_cv_prog_gnu_ld=yes
acl_cv_rpath=done
acl_cv_shlibext=so
acl_cv_sys_lib_dlsearch_path_spec='/lib /usr/lib'
acl_cv_sys_lib_search_path_spec='/lib /usr/lib /usr/local/lib'
acl_cv_wl=-Wl,
am_cv_CC_dependencies_compiler_type=none
am_cv_func_iconv=yes
am_cv_langinfo_codeset=yes
am_cv_lib_iconv=no
am_cv_proto_iconv='extern size_t iconv (iconv_t cd, char * *inbuf, size_t *inbytesleft, char * *outbuf, size_t *outbytesleft);'
am_cv_proto_iconv_arg1=
am_cv_val_LC_MESSAGES=yes
gt_cv_func_gnugettext2_libc=no
gt_cv_func_gnugettext2_libintl=no
gt_cv_header_inttypes_h=yes
gt_cv_int_divbyzero_sigfpe='guessing no'
gt_cv_inttypes_pri_broken=no
jm_ac_cv_header_inttypes_h=yes
jm_ac_cv_header_stdint_h=yes

## ----------------- ##
## Output variables. ##
## ----------------- ##

ACLOCAL='${SHELL} /home/richard/Downloads/netcat-0.7.1/missing --run aclocal-1.7'
ALLOCA=''
AMDEPBACKSLASH='\'
AMDEP_FALSE='#'
AMDEP_TRUE=''
AMTAR='${SHELL} /home/richard/Downloads/netcat-0.7.1/missing --run tar'
AUTOCONF='${SHELL} /home/richard/Downloads/netcat-0.7.1/missing --run autoconf'
AUTOHEADER='${SHELL} /home/richard/Downloads/netcat-0.7.1/missing --run autoheader'
AUTOMAKE='${SHELL} /home/richard/Downloads/netcat-0.7.1/missing --run automake-1.7'
AWK='mawk'
CC='arm-linux-gcc'
CCDEPMODE='depmode=none'
CFLAGS='-static -g -Wall'
CONTRIBLIBS=''
CPP='arm-linux-gcc -E'
CPPFLAGS=''
CYGPATH_W='echo'
DEFS='-DHAVE_CONFIG_H'
DEPDIR='.deps'
ECHO_C=''
ECHO_N='-n'
ECHO_T=''
EGREP='grep -E'
EXEEXT=''
GLIBC21='yes'
GMSGFMT=':'
INSTALL_DATA='${INSTALL} -m 644'
INSTALL_PROGRAM='${INSTALL}'
INSTALL_SCRIPT='${INSTALL}'
INSTALL_STRIP_PROGRAM='${SHELL} $(install_sh) -c -s'
INTLBISON=':'
INTLLIBS=''
LDFLAGS=''
LIBICONV=''
LIBINTL=''
LIBOBJS=''
LIBS=''
LTLIBICONV=''
LTLIBINTL=''
LTLIBOBJS=''
MAKEINFO='${SHELL} /home/richard/Downloads/netcat-0.7.1/missing --run makeinfo'
MKINSTALLDIRS='./mkinstalldirs'
MSGFMT=':'
MSGMERGE=':'
NEED_GETOPT_FALSE=''
NEED_GETOPT_TRUE='#'
OBJEXT='o'
PACKAGE='netcat'
PACKAGE_BUGREPORT=''
PACKAGE_NAME=''
PACKAGE_STRING=''
PACKAGE_TARNAME=''
PACKAGE_VERSION=''
PATH_SEPARATOR=':'
PERL='/usr/bin/perl'
POD2MAN='/usr/bin/pod2man'
POSUB=''
RANLIB='arm-linux-ranlib'
SET_MAKE=''
SHELL='/bin/bash'
STRIP='arm-linux-strip'
USE_NLS='no'
VERSION='0.7.1'
XGETTEXT=':'
ac_ct_CC=''
ac_ct_RANLIB=''
ac_ct_STRIP=''
all_includes=' '
all_libraries=' '
am__fastdepCC_FALSE=''
am__fastdepCC_TRUE='#'
am__include='include'
am__leading_dot='.'
am__quote=''
bindir='${exec_prefix}/bin'
build='i686-pc-linux-gnu'
build_alias=''
build_cpu='i686'
build_os='linux-gnu'
build_vendor='pc'
datadir='${prefix}/share'
exec_prefix='${prefix}'
host='arm-unknown-linux-gnu'
host_alias='arm-linux'
host_cpu='arm'
host_os='linux-gnu'
host_vendor='unknown'
includedir='${prefix}/include'
infodir='${prefix}/info'
install_sh='/home/richard/Downloads/netcat-0.7.1/install-sh'
libdir='${exec_prefix}/lib'
libexecdir='${exec_prefix}/libexec'
localstatedir='${prefix}/var'
mandir='${prefix}/man'
oldincludedir='/usr/include'
prefix='/home/richard/Downloads/netcat-0.7.1/arm'
program_transform_name='s,x,x,'
sbindir='${exec_prefix}/sbin'
sharedstatedir='${prefix}/com'
sysconfdir='${prefix}/etc'
target='arm-unknown-linux-gnu'
target_alias=''
target_cpu='arm'
target_os='linux-gnu'
target_vendor='unknown'

## ----------- ##
## confdefs.h. ##
## ----------- ##

#define HAVE_ALLOCA 1
#define HAVE_ALLOCA_H 1
#define HAVE_FEOF_UNLOCKED 1
#define HAVE_FGETS_UNLOCKED 1
#define HAVE_GETCWD 1
#define HAVE_GETC_UNLOCKED 1
#define HAVE_GETEGID 1
#define HAVE_GETEUID 1
#define HAVE_GETGID 1
#define HAVE_GETOPT_LONG 1
#define HAVE_GETPAGESIZE 1
#define HAVE_GETUID 1
#define HAVE_ICONV 1
#define HAVE_ICONV 1
#define HAVE_INET_NTOP 1
#define HAVE_INET_PTON 1
#define HAVE_INTTYPES_H 1
#define HAVE_INTTYPES_H 1
#define HAVE_INTTYPES_H_WITH_UINTMAX 1
#define HAVE_IN_PORT_T 1
#define HAVE_LANGINFO_CODESET 1
#define HAVE_LC_MESSAGES 1
#define HAVE_LIMITS_H 1
#define HAVE_LOCALE_H 1
#define HAVE_MALLOC_H 1
#define HAVE_MEMORY_H 1
#define HAVE_MEMPCPY 1
#define HAVE_MUNMAP 1
#define HAVE_NL_TYPES_H 1
#define HAVE_PUTENV 1
#define HAVE_RANDOM 1
#define HAVE_SETENV 1
#define HAVE_SETLOCALE 1
#define HAVE_SRANDOM 1
#define HAVE_STDDEF_H 1
#define HAVE_STDINT_H 1
#define HAVE_STDINT_H_WITH_UINTMAX 1
#define HAVE_STDLIB_H 1
#define HAVE_STDLIB_H 1
#define HAVE_STDLIB_H 1
#define HAVE_STPCPY 1
#define HAVE_STRCASECMP 1
#define HAVE_STRDUP 1
#define HAVE_STRINGS_H 1
#define HAVE_STRING_H 1
#define HAVE_STRING_H 1
#define HAVE_STRTOUL 1
#define HAVE_STRUCT_IN_PKTINFO 1
#define HAVE_SYS_PARAM_H 1
#define HAVE_SYS_STAT_H 1
#define HAVE_SYS_TYPES_H 1
#define HAVE_TSEARCH 1
#define HAVE_UNISTD_H 1
#define HAVE_UNISTD_H 1
#define HAVE_UNISTD_H 1
#define HAVE_UNSIGNED_LONG_LONG 1
#define ICONV_CONST 
#define INTDIV0_RAISES_SIGFPE 0
#define PACKAGE "netcat"
#define PACKAGE_BUGREPORT ""
#define PACKAGE_NAME ""
#define PACKAGE_STRING ""
#define PACKAGE_TARNAME ""
#define PACKAGE_VERSION ""
#define STDC_HEADERS 1
#define USE_LINUX_SELECT
#define VERSION "0.7.1"

configure: exit 0
